$ID
301
$TITLE
international
organized
crime
$DESC
identify
organizations
participate
international
criminal
activity
activity
possible
collaborating
organizations
countries
involved
$NARR
relevant
document
minimum
identify
organization
type
illegal
activity
columbian
cartel
exporting
cocaine
vague
references
international
drug
trade
identification
organization
involved
relevant
$ID
302
$TITLE
poliomyelitis
Post
Polio
$DESC
disease
poliomyelitis
polio
control
world
$NARR
relevant
documents
contain
data
outbreaks
polio
disease
large
small
scale
medical
protection
disease
reports
labeled
post
polio
problems
interest
location
cases
severe
done
post
polio
area
$ID
303
$TITLE
hubble
telescope
achievements
$DESC
identify
positive
accomplishments
hubble
telescope
launched
1991
$NARR
documents
relevant
show
hubble
telescope
produced
data
better
quality
data
previously
available
data
increased
human
knowledge
universe
data
led
disproving
previously
existing
theories
hypotheses
documents
limited
shortcomings
telescope
irrelevant
details
repairs
modifications
telescope
reference
positive
achievements
relevant
$ID
304
$TITLE
endangered
species
mammals
$DESC
compile
list
mammals
considered
endangered
identify
habitat
possible
specify
threatens
$NARR
document
identifying
mammal
endangered
relevant
statements
authorities
disputing
endangered
status
relevant
document
containing
habitat
populations
mammal
identified
endangered
relevant
document
hand
identify
species
endangered
generalized
statements
endangered
species
reference
specific
mammals
relevant
$ID
305
$TITLE
dangerous
vehicles
$DESC
crashworthy
crashworthy
passenger
vehicles
$NARR
relevant
document
contain
crashworthiness
given
vehicle
vehicles
draw
comparison
vehicles
document
describe
compare
vehicles
drivers
instance
expected
vehicles
preferred
16-25
year
olds
involved
crashes
age
group
involved
crashes
view
number
fatalities
100
crashes
revealing
vehicle's
crashworthiness
number
crashes
100
000
miles
example
$ID
306
$TITLE
african
civilian
deaths
$DESC
civilian
non-combatants
killed
various
civil
wars
africa
$NARR
relevant
document
contain
specific
casualty
given
area
country
region
cite
numbers
civilian
deaths
caused
directly
indirectly
armed
conflict
$ID
307
$TITLE
hydroelectric
projects
$DESC
identify
hydroelectric
projects
proposed
construction
country
location
detailed
description
nature
extent
purpose
problems
consequences
desirable
$NARR
relevant
documents
contain
minimum
clear
statement
hydroelectric
project
planned
construction
way
location
project
renovation
existing
facilities
judged
relevant
plans
call
significant
increase
acre
feet
reservoir
marked
change
environmental
impact
project
arguments
proposed
projects
relevant
long
supported
specifics
including
minimum
name
location
project
statement
individual
organization
projects
general
relevant
proposals
projects
underway
dismantle
existing
facilities
drain
existing
reservoirs
relevant
articles
reporting
decision
drop
proposed
plan
$ID
308
$TITLE
implant
dentistry
$DESC
advantages
disadvantages
tooth
implants
$NARR
tooth
replacement
procedure
begun
1960
doctor
branemark
widely
today
involves
replacement
lost
tooth
teeth
implantation
process
secures
fabricated
tooth
titanium
post
adhesive
resulting
stable
sturdy
denture
original
relevant
document
include
clinical
experiment
report
study
paper
medical
discussion
describes
advantages
disadvantages
tooth
implant
conditions
procedure
favorable
denture
comfort
function
compared
false
teeth
bridge
plate
comparative
cost
differential
$ID
309
$TITLE
rap
crime
$DESC
evidence
rap
music
negative
effect
young
people
$NARR
lyrics
rap
music
replete
words
degrade
women
glorify
drug
abuse
killing
policemen
romanticize
suicide
crusade
begun
years
ago
music
industry
asked
clean
act
detrimental
effect
having
teenagers
instances
teenagers
demonstrated
sign
internal
strife
committed
suicide
clues
self
destruction
notes
near
bodies
lyrics
rap
songs
relating
suicide
relevant
item
include
psychological
study
evidence
poll
documentation
psychological
opinion
rap
music
deleterious
effect
young
people
led
discernible
change
personality
life
style
crime
alteration
personality
negative
effect
psyche
mores
culture
teenagers
$ID
310
$TITLE
radio
waves
brain
cancer
$DESC
evidence
radio
waves
radio
towers
car
phones
affect
brain
cancer
occurrence
$NARR
persons
living
near
radio
towers
persons
car
phones
diagnosed
brain
cancer
argument
rages
regarding
direct
association
incidence
cancer
groups
cited
considered
higher
normal
population
relevant
document
includes
experiment
animals
statistical
study
articles
news
items
report
incidence
brain
cancer
higher
lower
persons
live
near
radio
tower
car
phones
compared
general
population
$ID
311
$TITLE
industrial
espionage
$DESC
document
discuss
theft
trade
secrets
sources
trade
journals
business
meetings
data
patent
offices
trade
shows
analysis
competitor's
products
$NARR
relevant
document
contain
specific
theft
trade
secrets
existing
technology
relevant
includes
limited
espionage
highly
competitive
fashion
industry
toy
companies
drug
firms
computer
companies
apparently
legal
way
stealing
company
secrets
freedom
act
passed
congress
1966
people
press
public
good
law
companies
private
gain
documents
discussing
company
counterespionage
considered
relevant
$ID
312
$TITLE
hydroponics
$DESC
document
discuss
science
growing
plants
water
substance
soil
$NARR
relevant
document
contain
specific
necessary
nutrients
experiments
types
substrates
pertinent
facts
related
science
hydroponics
related
includes
limited
history
hydroponics
advantages
standard
soil
agricultural
practices
approach
suspending
roots
humid
enclosure
spraying
periodically
nutrient
solution
promote
plant
growth
$ID
313
$TITLE
magnetic
Levitation
Maglev
$DESC
commercial
uses
magnetic
levitation
$NARR
relevant
document
contain
magnetic
levitation
maglev
concerned
possible
commercial
applications
phenomenon
include
primarily
mass
transit
commercial
applications
maglev
flywheels
cars
discussions
superconductivity
linked
maglev
government
support
plans
linked
maglev
relevant
$ID
314
$TITLE
marine
vegetation
$DESC
commercial
harvesting
marine
vegetation
algae
seaweed
kelp
food
drug
purposes
$NARR
research
shown
marine
vegetation
valuable
source
food
human
animal
potentially
useful
drug
search
focus
primarily
uses
considered
relevant
instances
possible
commercial
uses
fertilizer
$ID
315
$TITLE
unexplained
highway
accidents
$DESC
fatal
highway
accidents
year
resolved
cause
$NARR
relevant
document
contain
data
relating
highway
accidents
cause
accident
determined
typical
accidents
vehicle
suddenly
swerves
oncoming
traffic
$ID
316
$TITLE
polygamy
polyandry
polygyny
$DESC
look
roots
prevalence
polygamy
world
today
$NARR
polygamy
form
marriage
permits
person
husband
wife
polyandry
refers
woman
sharing
husbands
time
polygyny
refers
man
sharing
wives
time
primary
focus
search
prevalence
practices
world
today
societal
attitudes
practices
relevant
discussions
roots
practical
sources
customs
modern
development
area
serial
polygamy
phrase
coined
label
practice
men
take
series
wives
sequence
solution
practical
welfare
considerations
child
care
housing
documents
discussing
serial
polygamy
considered
relevant
$ID
317
$TITLE
unsolicited
faxes
$DESC
regulations
passed
fcc
banning
junk
facsimile
fax
effective
$NARR
relevant
documents
provide
cost
junk
fax
transmitted
individuals
businesses
documents
contain
laws
regulations
passed
banning
junk
fax
articles
indicating
effectiveness
ineffectiveness
laws
relevant
additionally
document
showing
unsolicited
junk
fax
invasion
privacy
relevant
$ID
318
$TITLE
best
retirement
country
$DESC
aside
united
states
country
offers
best
living
conditions
quality
life
retiree
$NARR
relevant
document
contain
describing
living
conditions
costs
foreign
countries
provide
potential
retiree
deciding
establish
retirement
$ID
319
$TITLE
fuel
sources
$DESC
research
ongoing
fuel
sources
$NARR
relevant
documents
contain
actual
research
accomplished
fuel
sources
documents
may
reveal
company
companies
involved
research
listing
possible
fuel
sources
relevance
relevant
documents
show
current
fuel
sources
available
articles
simply
refer
current
sources
relevant
documents
nuclear
power
relevant
discuss
developments
nuclear
field
processing
spent
fuel
establish
nuclear
fuel
system
$ID
320
$TITLE
undersea
fiber
optic
cable
$DESC
fiber
optic
link
globe
flag
world's
longest
undersea
fiber
optic
cable
involved
extensive
technology
system
problems
exist
$NARR
relevant
documents
reference
companies
involved
building
system
technology
needed
endeavor
relevance
link
points
flag
landing
sites
interconnection
telecommunication
cables
relevant
documents
may
reference
regulatory
problems
system
constructed
non-relevant
document
contain
fiber
optic
systems
currently
place
$ID
321
$TITLE
women
parliaments
$DESC
pertinent
documents
reflect
fact
women
continue
poorly
represented
parliaments
world
gap
political
power
sexes
wide
particularly
third
world
$NARR
pertinent
documents
relating
issue
discuss
lack
representation
women
countries
mandate
inclusion
certain
percentage
women
legislatures
decreases
female
representation
legislatures
countries
representation
women
$ID
322
$TITLE
international
art
crime
$DESC
isolate
instances
fraud
embezzlement
international
art
trade
$NARR
relevant
document
report
identifies
instance
fraud
embezzlement
international
buying
selling
art
objects
objects
include
paintings
jewelry
sculptures
valuable
works
art
specific
instances
identified
document
relevant
generalities
relevant
$ID
323
$TITLE
literary
journalistic
plagiarism
$DESC
instances
plagiarism
literary
journalistic
worlds
$NARR
relevant
document
report
occasion
suspected
instance
plagiarism
areas
literature
journalism
relevant
documents
include
areas
doctorate
master's
theses
encompass
writings
ideas
concepts
developed
authors
taken
borrowed
attribution
$ID
324
$TITLE
argentine
british
relations
$DESC
define
argentine
british
international
relations
$NARR
15
years
war
argentina
united
kingdom
1982
sovereignty
falkland
islands
relevant
report
describe
relations
period
kind
international
contact
countries
relevant
include
commercial
economic
cultural
diplomatic
military
exchanges
negative
reports
absence
exchanges
desirable
reports
containing
direct
exchanges
argentina
falkland
islands
relevant
$ID
325
$TITLE
cult
lifestyles
$DESC
describe
cult
name
identify
cult
members'
activities
everyday
life
$NARR
relevant
document
include
name
cult
offer
members'
lifestyles
may
include
dress
attain
ultimate
goal
organization
relevant
document
may
tell
eat
contribute
cult
just
mention
existence
cult
name
clarifying
relevant
$ID
326
$TITLE
ferry
sinkings
$DESC
report
ferry
sinking
100
people
lost
lives
$NARR
relevant
document
identify
ferry
sunk
causing
death
100
humans
identify
ferry
name
place
sinking
occurred
details
cause
sinking
helpful
necessary
relevant
reference
ferry
sinking
number
deaths
relevant
$ID
327
$TITLE
modern
slavery
$DESC
identify
country
city
evidence
human
slavery
practiced
eighties
nineties
$NARR
relevant
document
present
evidence
current
slavery
practices
carried
identify
specific
country
city
give
slaves
buying
selling
purposes
references
slavery
carried
years
ago
relevant
$ID
328
$TITLE
pope
beatifications
$DESC
identify
individual
beatified
pope
$NARR
relevant
document
include
person's
name
person's
deeds
actions
led
recognition
pope
include
actions
deeds
occurred
giving
year
period
time
late
17
century
$ID
329
$TITLE
mexican
air
pollution
$DESC
mexico
city
worst
air
pollution
world
pertinent
documents
contain
specific
steps
mexican
authorities
taken
combat
deplorable
situation
$NARR
relevant
documents
discuss
steps
mexican
government
taken
alleviate
air
pollution
mexico
city
steps
reducing
number
automobiles
city
encouraging
mass
public
transportation
creating
mass
transportation
systems
relevant
mention
methods
design
stage
appropriate
$ID
330
$TITLE
Iran
Iraq
cooperation
$DESC
query
looking
examples
cooperation
friendly
ties
iran
iraq
ways
countries
considered
allies
$NARR
relevant
document
mention
things
mutually
beneficial
economic
military
religious
social
relations
cooperation
border
control
treatment
minorities
collaboration
getting
trade
sanctions
placed
country
mention
possible
return
airplanes
iraq
flew
iran
gulf
war
relevant
$ID
331
$TITLE
world
bank
criticism
$DESC
criticisms
world
bank
policies
activities
personnel
$NARR
query
looking
instances
world
bank
accused
things
responsive
unique
problems
individual
countries
strict
policies
pursuing
agendas
biased
benefits
western
countries
longer
useful
practical
personnel
difficult
work
$ID
332
$TITLE
income
tax
evasion
$DESC
query
looking
investigations
targeted
evaders
income
tax
$NARR
relevant
document
mention
investigations
abroad
people
suspected
evading
income
tax
laws
particular
interest
investigations
involving
revenue
illegal
activities
strategy
bring
known
suspected
criminals
justice
$ID
333
$TITLE
antibiotics
bacteria
disease
$DESC
determine
reasons
bacteria
winning
war
antibiotics
rendering
antibiotics
effective
treating
diseases
past
$NARR
relevant
document
address
questions
degree
bacteria
able
fend
curative
effects
antibiotics
overuse
antibiotics
increasing
antibiotics
promoting
growth
crops
animals
food
products
meant
human
consumption
played
roles
creating
situation
known
bacteria
generated
disease
versions
resist
100
antibiotics
$ID
334
$TITLE
export
controls
cryptography
$DESC
determine
usefulness
effectiveness
continuing
maintain
export
controls
encryption
software
$NARR
relevant
documents
argue
continuing
encryption
software
subject
export
controls
1993
quality
encryption
software
ensure
secrecy
communications
available
government
considered
software
subject
export
controls
munitions
sought
restrict
export
encryption
software
contains
device
allow
read
underlying
messages
business
interests
say
impossible
producers
compete
international
market
$ID
335
$TITLE
adoptive
biological
parents
$DESC
identify
problems
solutions
problems
arise
relationships
biological
parents
adoptive
parents
child
children
involved
$NARR
relevant
document
report
court
procedures
decisions
affect
rights
biological
parents
adoptive
parents
adopted
child
problems
arise
biological
parents
child
given
adoption
decide
reclaim
child
wishes
adoptive
parents
problems
arise
adopted
child
tries
identify
contact
biological
parents
way
blocked
sealed
court
orders
$ID
336
$TITLE
black
bear
attacks
$DESC
relevant
document
discuss
frequency
vicious
black
bear
attacks
worldwide
possible
causes
savage
behavior
$NARR
reported
food
cosmetics
attract
hungry
black
bears
causing
viciously
attack
humans
relevant
documents
include
aforementioned
causes
speculation
preferably
scientific
community
possible
causes
vicious
attacks
black
bears
relevant
document
detail
steps
taken
methods
devised
wildlife
officials
control
modify
savageness
black
bear
$ID
337
$TITLE
viral
hepatitis
$DESC
research
done
viral
hepatitis
progress
treatment
$NARR
relevant
document
include
following
medical
procedure
treatment
hepatitis
ongoing
research
vaccines
including
identity
strain
hepatitis
hepatitis
affects
body's
immune
system
third
world
countries'
reports
control
disease
$ID
338
$TITLE
risk
aspirin
$DESC
adverse
effects
people
experienced
aspirin
repeatedly
$NARR
relevant
document
identify
adverse
effects
experienced
repeated
aspirin
possible
effects
include
intestinal
bleeding
inflammation
stomach
various
forms
ulcers
purpose
individual's
repeated
aspirin
stated
$ID
339
$TITLE
alzheimer's
drug
treatment
$DESC
drugs
treatment
alzheimer's
disease
successful
$NARR
relevant
document
name
drug
treatment
alzheimer's
disease
manufacturer
give
indication
drug's
success
failure
$ID
340
$TITLE
land
mine
ban
$DESC
identify
actions
taken
propel
nations
world
treaty
banning
production
transfer
land
mines
$NARR
brought
various
conflicts
estimated
100
land
mines
buried
60
countries
thousands
acres
land
unusable
estimated
22
minutes
man
woman
child
killed
maimed
land
mine
identify
actions
taken
propel
nations
world
treaty
banning
production
transfer
land
mines
interest
identification
actions
undertaken
sanitize
thousands
acres
unusable
due
mines
$ID
341
$TITLE
airport
security
$DESC
relevant
document
discuss
effective
government
orders
better
scrutinize
passengers
luggage
international
flights
step
screening
carry-on
baggage
$NARR
relevant
document
contain
reports
steps
airports
worldwide
taken
better
scrutinize
passengers
luggage
international
flights
step
screening
carry-on
baggage
increase
international
terrorism
wake
twa
flight
800
disaster
articles
airport
security
relating
particular
additional
steps
taken
airports
increase
flight
safety
relevant
mere
mention
enhanced
security
constitute
relevance
additional
steps
refer
just
passenger
carry-on
screening
normal
methods
examples
steps
additional
personnel
sophisticated
monitoring
screening
devices
extraordinary
measures
check
luggage
baggage
compartment
$ID
342
$TITLE
diplomatic
expulsion
$DESC
cold
war
intensified
economic
competition
started
generate
serious
friction
nations
attempts
diplomatic
personnel
acquire
sensitive
trade
technology
obtain
highly
classified
industrial
projects
identify
instances
attempts
personnel
diplomatic
status
obtain
nature
$NARR
identify
instances
attempts
personnel
diplomatic
status
obtain
nature
interest
country
involved
hopefully
acquired
exposure
resulted
expulsion
diplomatic
personnel
$ID
343
$TITLE
police
deaths
$DESC
identify
instances
civilian
policeman
killed
performance
duty
association
occupation
killed
gun
keep
testifying
$NARR
reason
breakdown
family
values
loss
respect
authoritative
figure
substantial
increase
number
policemen
killed
identify
instances
civilian
policeman
killed
performance
duty
association
occupation
killed
gun
keep
testifying
military
police
foreign
military
type
personnel
considered
policemen
considered
relevant
$ID
344
$TITLE
abuses
e-mail
$DESC
availability
e-mail
people
job
school
affiliation
allowed
efficiencies
communications
provided
opportunity
abuses
steps
taken
world
wide
bearing
cost
e-mail
prevent
excesses
$NARR
relevant
document
concern
dissatisfaction
entity
paying
cost
electronic
mail
particularly
sought
items
relate
system
users
employees
abuse
system
engaging
communications
type
related
payer's
desired
system
$ID
345
$TITLE
overseas
tobacco
sales
$DESC
health
studies
primarily
caused
reductions
tobacco
sales
economic
impact
caused
tobacco
companies
look
overseas
customers
impact
health
economic
factors
overseas
$NARR
relevant
item
discuss
increase
decrease
sales
tobacco
products
overseas
attribute
health
findings
aggressive
marketing
companies
foreign
companies
cooperate
$ID
346
$TITLE
educational
standards
$DESC
long
call
standards
education
calls
frequently
citing
superiority
foreign
school
systems
countries
outside
standards
pre-teen
students
countries
standards
set
$NARR
relevant
item
specify
foreign
country
adopted
standards
children
age
12
specifically
give
detail
standards
computer
training
2
years
foreign
language
$ID
347
$TITLE
wildlife
extinction
$DESC
spotted
owl
episode
america
highlighted
efforts
prevent
extinction
wildlife
species
known
effort
countries
prevent
demise
species
native
countries
countries
begun
efforts
prevent
declines
$NARR
relevant
item
specify
country
involved
species
steps
taken
save
species
$ID
348
$TITLE
agoraphobia
$DESC
fear
open
public
places
agoraphobia
widespread
disorder
relatively
unknown
$NARR
relevant
documents
contain
data
physical
mental
disorder
including
person
affected
profession
individual
impact
life
work
individual
data
individuals
cope
disorder
$ID
349
$TITLE
metabolism
$DESC
document
discuss
chemical
reactions
necessary
keep
living
cells
healthy
producing
energy
$NARR
relevant
document
contain
specific
catabolic
anabolic
reactions
metabolic
process
relevant
includes
limited
reactions
occurring
metabolism
biochemical
processes
glycolysis
krebs
cycle
production
energy
disorders
associated
metabolic
rate
$ID
350
$TITLE
health
computer
terminals
$DESC
hazardous
health
individuals
work
computer
terminals
daily
basis
$NARR
relevant
documents
contain
expands
physical
disorder
problems
may
associated
daily
working
computer
terminals
things
carpel
tunnel
cataracts
fatigue
said
associated
widespread
problems
done
alleviate
health
problems
